{"meta": {"format": 3, "version": "7.10.6", "timestamp": "2025-11-03T20:32:15.953523", "branch_coverage": true, "show_contexts": false}, "files": {"src\\__init__.py": {"executed_lines": [], "summary": {"covered_lines": 0, "num_statements": 0, "percent_covered": 100.0, "percent_covered_display": "100", "missing_lines": 0, "excluded_lines": 0, "num_branches": 0, "num_partial_branches": 0, "covered_branches": 0, "missing_branches": 0}, "missing_lines": [], "excluded_lines": [], "executed_branches": [], "missing_branches": [], "functions": {"": {"executed_lines": [], "summary": {"covered_lines": 0, "num_statements": 0, "percent_covered": 100.0, "percent_covered_display": "100", "missing_lines": 0, "excluded_lines": 0, "num_branches": 0, "num_partial_branches": 0, "covered_branches": 0, "missing_branches": 0}, "missing_lines": [], "excluded_lines": [], "executed_branches": [], "missing_branches": []}}, "classes": {"": {"executed_lines": [], "summary": {"covered_lines": 0, "num_statements": 0, "percent_covered": 100.0, "percent_covered_display": "100", "missing_lines": 0, "excluded_lines": 0, "num_branches": 0, "num_partial_branches": 0, "covered_branches": 0, "missing_branches": 0}, "missing_lines": [], "excluded_lines": [], "executed_branches": [], "missing_branches": []}}}, "src\\data_manager.py": {"executed_lines": [1, 2, 4, 6, 13], "summary": {"covered_lines": 5, "num_statements": 13, "percent_covered": 33.333333333333336, "percent_covered_display": "33", "missing_lines": 8, "excluded_lines": 0, "num_branches": 2, "num_partial_branches": 0, "covered_branches": 0, "missing_branches": 2}, "missing_lines": [7, 8, 9, 10, 11, 14, 15, 16], "excluded_lines": [], "executed_branches": [], "missing_branches": [[8, 9], [8, 10]], "functions": {"load_tickets": {"executed_lines": [], "summary": {"covered_lines": 0, "num_statements": 5, "percent_covered": 0.0, "percent_covered_display": "0", "missing_lines": 5, "excluded_lines": 0, "num_branches": 2, "num_partial_branches": 0, "covered_branches": 0, "missing_branches": 2}, "missing_lines": [7, 8, 9, 10, 11], "excluded_lines": [], "executed_branches": [], "missing_branches": [[8, 9], [8, 10]]}, "save_tickets": {"executed_lines": [], "summary": {"covered_lines": 0, "num_statements": 3, "percent_covered": 0.0, "percent_covered_display": "0", "missing_lines": 3, "excluded_lines": 0, "num_branches": 0, "num_partial_branches": 0, "covered_branches": 0, "missing_branches": 0}, "missing_lines": [14, 15, 16], "excluded_lines": [], "executed_branches": [], "missing_branches": []}, "": {"executed_lines": [1, 2, 4, 6, 13], "summary": {"covered_lines": 5, "num_statements": 5, "percent_covered": 100.0, "percent_covered_display": "100", "missing_lines": 0, "excluded_lines": 0, "num_branches": 0, "num_partial_branches": 0, "covered_branches": 0, "missing_branches": 0}, "missing_lines": [], "excluded_lines": [], "executed_branches": [], "missing_branches": []}}, "classes": {"": {"executed_lines": [1, 2, 4, 6, 13], "summary": {"covered_lines": 5, "num_statements": 13, "percent_covered": 33.333333333333336, "percent_covered_display": "33", "missing_lines": 8, "excluded_lines": 0, "num_branches": 2, "num_partial_branches": 0, "covered_branches": 0, "missing_branches": 2}, "missing_lines": [7, 8, 9, 10, 11, 14, 15, 16], "excluded_lines": [], "executed_branches": [], "missing_branches": [[8, 9], [8, 10]]}}}, "src\\fee_engine.py": {"executed_lines": [1, 2, 3, 6, 7, 9, 10, 11, 12, 13, 14, 21, 35, 38, 39, 42, 43, 44, 45, 47, 48, 49, 50, 51, 52, 55, 56, 57, 58, 61, 63, 64, 67, 68, 69, 72, 73, 75, 76, 77, 78, 79, 80, 81, 83, 88, 89, 90, 91, 93, 96, 97, 99, 102, 105, 106, 107, 108, 109, 110, 111, 112, 118, 119, 120, 122, 123, 125, 128, 129, 132, 133, 134, 135, 136, 137, 138, 139, 143, 144, 146, 149, 150, 151, 152, 153, 154, 155, 156, 160, 161, 163, 166, 167, 168, 169, 170, 171, 172, 173, 177, 178, 180, 183, 184, 185, 186, 187, 188, 189, 190, 194, 196, 197, 200, 201, 202, 204, 205, 206, 209, 210, 211, 212, 213, 215, 216, 217, 218, 219, 220, 221, 222, 223, 224, 228, 229, 230], "summary": {"covered_lines": 137, "num_statements": 142, "percent_covered": 95.13274336283186, "percent_covered_display": "95", "missing_lines": 5, "excluded_lines": 0, "num_branches": 84, "num_partial_branches": 6, "covered_branches": 78, "missing_branches": 6}, "missing_lines": [115, 141, 158, 175, 192], "excluded_lines": [], "executed_branches": [[38, 39], [38, 42], [42, 43], [42, 55], [44, 45], [44, 47], [56, 57], [56, 61], [63, 64], [63, 67], [73, 75], [73, 83], [78, 79], [78, 83], [80, 81], [80, 83], [88, 89], [88, 90], [90, 91], [90, 93], [96, 97], [96, 99], [105, 106], [105, 132], [107, 108], [107, 109], [109, 110], [109, 111], [111, 112], [118, 119], [118, 120], [120, 122], [120, 123], [123, 125], [123, 128], [132, 133], [132, 149], [134, 135], [134, 136], [136, 137], [136, 138], [138, 139], [143, 144], [143, 146], [149, 150], [149, 166], [151, 152], [151, 153], [153, 154], [153, 155], [155, 156], [160, 161], [160, 163], [166, 167], [166, 183], [168, 169], [168, 170], [170, 171], [170, 172], [172, 173], [177, 178], [177, 180], [183, 184], [185, 186], [185, 187], [187, 188], [187, 189], [189, 190], [201, 202], [201, 204], [205, 206], [205, 209], [210, 211], [210, 228], [215, 216], [215, 228], [218, 219], [218, 228]], "missing_branches": [[111, 115], [138, 141], [155, 158], [172, 175], [183, 200], [189, 192]], "functions": {"Fee.__init__": {"executed_lines": [10, 11, 12, 13, 14], "summary": {"covered_lines": 5, "num_statements": 5, "percent_covered": 100.0, "percent_covered_display": "100", "missing_lines": 0, "excluded_lines": 0, "num_branches": 0, "num_partial_branches": 0, "covered_branches": 0, "missing_branches": 0}, "missing_lines": [], "excluded_lines": [], "executed_branches": [], "missing_branches": []}, "compute_fee": {"executed_lines": [35, 38, 39, 42, 43, 44, 45, 47, 48, 49, 50, 51, 52, 55, 56, 57, 58, 61, 63, 64, 67, 68, 69, 72, 73, 75, 76, 77, 78, 79, 80, 81, 83, 88, 89, 90, 91, 93, 96, 97, 99, 102, 105, 106, 107, 108, 109, 110, 111, 112, 118, 119, 120, 122, 123, 125, 128, 129, 132, 133, 134, 135, 136, 137, 138, 139, 143, 144, 146, 149, 150, 151, 152, 153, 154, 155, 156, 160, 161, 163, 166, 167, 168, 169, 170, 171, 172, 173, 177, 178, 180, 183, 184, 185, 186, 187, 188, 189, 190, 194, 196, 197, 200, 201, 202, 204, 205, 206, 209, 210, 211, 212, 213, 215, 216, 217, 218, 219, 220, 221, 222, 223, 224, 228, 229, 230], "summary": {"covered_lines": 126, "num_statements": 131, "percent_covered": 94.88372093023256, "percent_covered_display": "95", "missing_lines": 5, "excluded_lines": 0, "num_branches": 84, "num_partial_branches": 6, "covered_branches": 78, "missing_branches": 6}, "missing_lines": [115, 141, 158, 175, 192], "excluded_lines": [], "executed_branches": [[38, 39], [38, 42], [42, 43], [42, 55], [44, 45], [44, 47], [56, 57], [56, 61], [63, 64], [63, 67], [73, 75], [73, 83], [78, 79], [78, 83], [80, 81], [80, 83], [88, 89], [88, 90], [90, 91], [90, 93], [96, 97], [96, 99], [105, 106], [105, 132], [107, 108], [107, 109], [109, 110], [109, 111], [111, 112], [118, 119], [118, 120], [120, 122], [120, 123], [123, 125], [123, 128], [132, 133], [132, 149], [134, 135], [134, 136], [136, 137], [136, 138], [138, 139], [143, 144], [143, 146], [149, 150], [149, 166], [151, 152], [151, 153], [153, 154], [153, 155], [155, 156], [160, 161], [160, 163], [166, 167], [166, 183], [168, 169], [168, 170], [170, 171], [170, 172], [172, 173], [177, 178], [177, 180], [183, 184], [185, 186], [185, 187], [187, 188], [187, 189], [189, 190], [201, 202], [201, 204], [205, 206], [205, 209], [210, 211], [210, 228], [215, 216], [215, 228], [218, 219], [218, 228]], "missing_branches": [[111, 115], [138, 141], [155, 158], [172, 175], [183, 200], [189, 192]]}, "": {"executed_lines": [1, 2, 3, 6, 7, 9, 21], "summary": {"covered_lines": 6, "num_statements": 6, "percent_covered": 100.0, "percent_covered_display": "100", "missing_lines": 0, "excluded_lines": 0, "num_branches": 0, "num_partial_branches": 0, "covered_branches": 0, "missing_branches": 0}, "missing_lines": [], "excluded_lines": [], "executed_branches": [], "missing_branches": []}}, "classes": {"Fee": {"executed_lines": [10, 11, 12, 13, 14], "summary": {"covered_lines": 5, "num_statements": 5, "percent_covered": 100.0, "percent_covered_display": "100", "missing_lines": 0, "excluded_lines": 0, "num_branches": 0, "num_partial_branches": 0, "covered_branches": 0, "missing_branches": 0}, "missing_lines": [], "excluded_lines": [], "executed_branches": [], "missing_branches": []}, "": {"executed_lines": [1, 2, 3, 6, 7, 9, 21, 35, 38, 39, 42, 43, 44, 45, 47, 48, 49, 50, 51, 52, 55, 56, 57, 58, 61, 63, 64, 67, 68, 69, 72, 73, 75, 76, 77, 78, 79, 80, 81, 83, 88, 89, 90, 91, 93, 96, 97, 99, 102, 105, 106, 107, 108, 109, 110, 111, 112, 118, 119, 120, 122, 123, 125, 128, 129, 132, 133, 134, 135, 136, 137, 138, 139, 143, 144, 146, 149, 150, 151, 152, 153, 154, 155, 156, 160, 161, 163, 166, 167, 168, 169, 170, 171, 172, 173, 177, 178, 180, 183, 184, 185, 186, 187, 188, 189, 190, 194, 196, 197, 200, 201, 202, 204, 205, 206, 209, 210, 211, 212, 213, 215, 216, 217, 218, 219, 220, 221, 222, 223, 224, 228, 229, 230], "summary": {"covered_lines": 132, "num_statements": 137, "percent_covered": 95.02262443438914, "percent_covered_display": "95", "missing_lines": 5, "excluded_lines": 0, "num_branches": 84, "num_partial_branches": 6, "covered_branches": 78, "missing_branches": 6}, "missing_lines": [115, 141, 158, 175, 192], "excluded_lines": [], "executed_branches": [[38, 39], [38, 42], [42, 43], [42, 55], [44, 45], [44, 47], [56, 57], [56, 61], [63, 64], [63, 67], [73, 75], [73, 83], [78, 79], [78, 83], [80, 81], [80, 83], [88, 89], [88, 90], [90, 91], [90, 93], [96, 97], [96, 99], [105, 106], [105, 132], [107, 108], [107, 109], [109, 110], [109, 111], [111, 112], [118, 119], [118, 120], [120, 122], [120, 123], [123, 125], [123, 128], [132, 133], [132, 149], [134, 135], [134, 136], [136, 137], [136, 138], [138, 139], [143, 144], [143, 146], [149, 150], [149, 166], [151, 152], [151, 153], [153, 154], [153, 155], [155, 156], [160, 161], [160, 163], [166, 167], [166, 183], [168, 169], [168, 170], [170, 171], [170, 172], [172, 173], [177, 178], [177, 180], [183, 184], [185, 186], [185, 187], [187, 188], [187, 189], [189, 190], [201, 202], [201, 204], [205, 206], [205, 209], [210, 211], [210, 228], [215, 216], [215, 228], [218, 219], [218, 228]], "missing_branches": [[111, 115], [138, 141], [155, 158], [172, 175], [183, 200], [189, 192]]}}}, "src\\policy.py": {"executed_lines": [1, 3], "summary": {"covered_lines": 2, "num_statements": 2, "percent_covered": 100.0, "percent_covered_display": "100", "missing_lines": 0, "excluded_lines": 0, "num_branches": 0, "num_partial_branches": 0, "covered_branches": 0, "missing_branches": 0}, "missing_lines": [], "excluded_lines": [], "executed_branches": [], "missing_branches": [], "functions": {"": {"executed_lines": [1, 3], "summary": {"covered_lines": 2, "num_statements": 2, "percent_covered": 100.0, "percent_covered_display": "100", "missing_lines": 0, "excluded_lines": 0, "num_branches": 0, "num_partial_branches": 0, "covered_branches": 0, "missing_branches": 0}, "missing_lines": [], "excluded_lines": [], "executed_branches": [], "missing_branches": []}}, "classes": {"": {"executed_lines": [1, 3], "summary": {"covered_lines": 2, "num_statements": 2, "percent_covered": 100.0, "percent_covered_display": "100", "missing_lines": 0, "excluded_lines": 0, "num_branches": 0, "num_partial_branches": 0, "covered_branches": 0, "missing_branches": 0}, "missing_lines": [], "excluded_lines": [], "executed_branches": [], "missing_branches": []}}}, "src\\ui.py": {"executed_lines": [2, 3, 4, 5, 7, 31, 32, 33, 34, 35, 36, 37, 38, 40, 41, 42, 43, 44, 47, 48, 49, 50, 51, 52, 55, 59, 60, 61, 62, 63, 64, 67, 72, 73, 74, 76, 77, 78, 79, 82, 83, 87, 88, 89, 90, 91, 92, 93, 94, 96, 97, 100, 101, 102, 104, 116, 128, 129, 130, 131, 132, 134, 135, 136, 138, 139, 144, 145, 149, 150, 151, 152, 154, 155, 156, 157, 158, 160, 161, 162, 163, 164, 165, 166, 167, 168, 169, 171, 172, 173, 174, 175, 176, 177, 183, 194, 206, 207, 208, 212, 213, 214, 215, 217, 218, 223, 224, 228, 240, 252, 264, 265, 266, 267, 269, 272, 273, 274, 275, 276, 277, 281, 284, 285, 287, 288, 324, 325, 326, 327], "summary": {"covered_lines": 130, "num_statements": 177, "percent_covered": 71.36563876651982, "percent_covered_display": "71", "missing_lines": 47, "excluded_lines": 0, "num_branches": 50, "num_partial_branches": 10, "covered_branches": 32, "missing_branches": 18}, "missing_lines": [8, 9, 10, 11, 12, 13, 14, 15, 16, 17, 19, 20, 21, 22, 23, 24, 25, 26, 27, 29, 45, 53, 54, 56, 57, 65, 66, 68, 69, 85, 95, 140, 141, 142, 146, 147, 178, 179, 181, 209, 210, 219, 220, 221, 225, 226, 279], "excluded_lines": [], "executed_branches": [[36, 37], [36, 38], [43, 44], [52, 55], [64, 67], [82, 83], [88, 89], [88, 100], [93, 94], [130, 131], [130, 134], [135, 136], [135, 138], [145, 149], [151, 152], [151, 154], [160, 161], [160, 164], [164, 165], [171, 172], [171, 174], [208, 212], [213, 214], [213, 217], [224, 228], [264, 265], [264, 269], [272, 273], [272, 281], [276, 277], [325, 326], [325, 327]], "missing_branches": [[19, 20], [19, 21], [21, 22], [21, 23], [23, 24], [23, 25], [25, 26], [25, 29], [43, 45], [52, 53], [64, 65], [82, 85], [93, 95], [145, 146], [164, 181], [208, 209], [224, 225], [276, 279]], "functions": {"main": {"executed_lines": [], "summary": {"covered_lines": 0, "num_statements": 20, "percent_covered": 0.0, "percent_covered_display": "0", "missing_lines": 20, "excluded_lines": 0, "num_branches": 8, "num_partial_branches": 0, "covered_branches": 0, "missing_branches": 8}, "missing_lines": [8, 9, 10, 11, 12, 13, 14, 15, 16, 17, 19, 20, 21, 22, 23, 24, 25, 26, 27, 29], "excluded_lines": [], "executed_branches": [], "missing_branches": [[19, 20], [19, 21], [21, 22], [21, 23], [23, 24], [23, 25], [25, 26], [25, 29]]}, "compute_fee_manual": {"executed_lines": [32, 40, 47, 59, 72, 73, 74, 76, 77, 78, 79, 82, 83, 87, 88, 89, 90, 91, 92, 93, 94, 96, 97, 100, 101, 102, 104, 116], "summary": {"covered_lines": 28, "num_statements": 30, "percent_covered": 88.88888888888889, "percent_covered_display": "89", "missing_lines": 2, "excluded_lines": 0, "num_branches": 6, "num_partial_branches": 2, "covered_branches": 4, "missing_branches": 2}, "missing_lines": [85, 95], "excluded_lines": [], "executed_branches": [[82, 83], [88, 89], [88, 100], [93, 94]], "missing_branches": [[82, 85], [93, 95]]}, "compute_fee_manual.prompt_choice": {"executed_lines": [33, 34, 35, 36, 37, 38], "summary": {"covered_lines": 6, "num_statements": 6, "percent_covered": 100.0, "percent_covered_display": "100", "missing_lines": 0, "excluded_lines": 0, "num_branches": 2, "num_partial_branches": 0, "covered_branches": 2, "missing_branches": 0}, "missing_lines": [], "excluded_lines": [], "executed_branches": [[36, 37], [36, 38]], "missing_branches": []}, "compute_fee_manual.prompt_yes_no": {"executed_lines": [41, 42, 43, 44], "summary": {"covered_lines": 4, "num_statements": 5, "percent_covered": 71.42857142857143, "percent_covered_display": "71", "missing_lines": 1, "excluded_lines": 0, "num_branches": 2, "num_partial_branches": 1, "covered_branches": 1, "missing_branches": 1}, "missing_lines": [45], "excluded_lines": [], "executed_branches": [[43, 44]], "missing_branches": [[43, 45]]}, "compute_fee_manual.prompt_int": {"executed_lines": [48, 49, 50, 51, 52, 55], "summary": {"covered_lines": 6, "num_statements": 10, "percent_covered": 58.333333333333336, "percent_covered_display": "58", "missing_lines": 4, "excluded_lines": 0, "num_branches": 2, "num_partial_branches": 1, "covered_branches": 1, "missing_branches": 1}, "missing_lines": [53, 54, 56, 57], "excluded_lines": [], "executed_branches": [[52, 55]], "missing_branches": [[52, 53]]}, "compute_fee_manual.prompt_float": {"executed_lines": [60, 61, 62, 63, 64, 67], "summary": {"covered_lines": 6, "num_statements": 10, "percent_covered": 58.333333333333336, "percent_covered_display": "58", "missing_lines": 4, "excluded_lines": 0, "num_branches": 2, "num_partial_branches": 1, "covered_branches": 1, "missing_branches": 1}, "missing_lines": [65, 66, 68, 69], "excluded_lines": [], "executed_branches": [[64, 67]], "missing_branches": [[64, 65]]}, "compute_from_pending": {"executed_lines": [129, 130, 131, 132, 134, 135, 136, 138, 139, 144, 145, 149, 150, 151, 152, 154, 155, 156, 157, 158, 160, 161, 162, 163, 164, 165, 166, 167, 168, 169, 171, 172, 173, 174, 175, 176, 177, 183, 194], "summary": {"covered_lines": 39, "num_statements": 47, "percent_covered": 83.60655737704919, "percent_covered_display": "84", "missing_lines": 8, "excluded_lines": 0, "num_branches": 14, "num_partial_branches": 2, "covered_branches": 12, "missing_branches": 2}, "missing_lines": [140, 141, 142, 146, 147, 178, 179, 181], "excluded_lines": [], "executed_branches": [[130, 131], [130, 134], [135, 136], [135, 138], [145, 149], [151, 152], [151, 154], [160, 161], [160, 164], [164, 165], [171, 172], [171, 174]], "missing_branches": [[145, 146], [164, 181]]}, "print_receipt": {"executed_lines": [207, 208, 212, 213, 214, 215, 217, 218, 223, 224, 228, 240], "summary": {"covered_lines": 12, "num_statements": 19, "percent_covered": 64.0, "percent_covered_display": "64", "missing_lines": 7, "excluded_lines": 0, "num_branches": 6, "num_partial_branches": 2, "covered_branches": 4, "missing_branches": 2}, "missing_lines": [209, 210, 219, 220, 221, 225, 226], "excluded_lines": [], "executed_branches": [[208, 212], [213, 214], [213, 217], [224, 228]], "missing_branches": [[208, 209], [224, 225]]}, "print_receipt_output": {"executed_lines": [264, 265, 266, 267, 269, 272, 273, 274, 275, 276, 277, 281, 284, 285, 287, 288, 324, 325, 326, 327], "summary": {"covered_lines": 20, "num_statements": 21, "percent_covered": 93.10344827586206, "percent_covered_display": "93", "missing_lines": 1, "excluded_lines": 0, "num_branches": 8, "num_partial_branches": 1, "covered_branches": 7, "missing_branches": 1}, "missing_lines": [279], "excluded_lines": [], "executed_branches": [[264, 265], [264, 269], [272, 273], [272, 281], [276, 277], [325, 326], [325, 327]], "missing_branches": [[276, 279]]}, "": {"executed_lines": [2, 3, 4, 5, 7, 31, 128, 206, 252], "summary": {"covered_lines": 9, "num_statements": 9, "percent_covered": 100.0, "percent_covered_display": "100", "missing_lines": 0, "excluded_lines": 0, "num_branches": 0, "num_partial_branches": 0, "covered_branches": 0, "missing_branches": 0}, "missing_lines": [], "excluded_lines": [], "executed_branches": [], "missing_branches": []}}, "classes": {"": {"executed_lines": [2, 3, 4, 5, 7, 31, 32, 33, 34, 35, 36, 37, 38, 40, 41, 42, 43, 44, 47, 48, 49, 50, 51, 52, 55, 59, 60, 61, 62, 63, 64, 67, 72, 73, 74, 76, 77, 78, 79, 82, 83, 87, 88, 89, 90, 91, 92, 93, 94, 96, 97, 100, 101, 102, 104, 116, 128, 129, 130, 131, 132, 134, 135, 136, 138, 139, 144, 145, 149, 150, 151, 152, 154, 155, 156, 157, 158, 160, 161, 162, 163, 164, 165, 166, 167, 168, 169, 171, 172, 173, 174, 175, 176, 177, 183, 194, 206, 207, 208, 212, 213, 214, 215, 217, 218, 223, 224, 228, 240, 252, 264, 265, 266, 267, 269, 272, 273, 274, 275, 276, 277, 281, 284, 285, 287, 288, 324, 325, 326, 327], "summary": {"covered_lines": 130, "num_statements": 177, "percent_covered": 71.36563876651982, "percent_covered_display": "71", "missing_lines": 47, "excluded_lines": 0, "num_branches": 50, "num_partial_branches": 10, "covered_branches": 32, "missing_branches": 18}, "missing_lines": [8, 9, 10, 11, 12, 13, 14, 15, 16, 17, 19, 20, 21, 22, 23, 24, 25, 26, 27, 29, 45, 53, 54, 56, 57, 65, 66, 68, 69, 85, 95, 140, 141, 142, 146, 147, 178, 179, 181, 209, 210, 219, 220, 221, 225, 226, 279], "excluded_lines": [], "executed_branches": [[36, 37], [36, 38], [43, 44], [52, 55], [64, 67], [82, 83], [88, 89], [88, 100], [93, 94], [130, 131], [130, 134], [135, 136], [135, 138], [145, 149], [151, 152], [151, 154], [160, 161], [160, 164], [164, 165], [171, 172], [171, 174], [208, 212], [213, 214], [213, 217], [224, 228], [264, 265], [264, 269], [272, 273], [272, 281], [276, 277], [325, 326], [325, 327]], "missing_branches": [[19, 20], [19, 21], [21, 22], [21, 23], [23, 24], [23, 25], [25, 26], [25, 29], [43, 45], [52, 53], [64, 65], [82, 85], [93, 95], [145, 146], [164, 181], [208, 209], [224, 225], [276, 279]]}}}}, "totals": {"covered_lines": 274, "num_statements": 334, "percent_covered": 81.70212765957447, "percent_covered_display": "82", "missing_lines": 60, "excluded_lines": 0, "num_branches": 136, "num_partial_branches": 16, "covered_branches": 110, "missing_branches": 26}}